[31-Dec-2025 15:44:12 UTC] === Worker Started: worker-695544cc98139 ===
[31-Dec-2025 15:44:12 UTC]   PHP Version: 8.3.6
[31-Dec-2025 15:44:12 UTC]   Script: /home/runner/work/scrap/scrap/app.php
[31-Dec-2025 15:44:12 UTC]   Initialization attempt 1/3...
[31-Dec-2025 15:44:12 UTC] ✓ Connection slot acquired (1/150 active, peak: 1)
[31-Dec-2025 15:44:12 UTC] ⚠️ Database Connection error (attempt 1/{5}): SQLSTATE[HY000] [2002] No such file or directory - Retrying in 0.12s
[31-Dec-2025 15:44:12 UTC] ⚠️ Database Connection error (attempt 2/{5}): SQLSTATE[HY000] [2002] No such file or directory - Retrying in 0.24s
[31-Dec-2025 15:44:12 UTC] ⚠️ Database Connection error (attempt 3/{5}): SQLSTATE[HY000] [2002] No such file or directory - Retrying in 0.49s
[31-Dec-2025 15:44:13 UTC] ⚠️ Database Connection error (attempt 4/{5}): SQLSTATE[HY000] [2002] No such file or directory - Retrying in 1.04s
[31-Dec-2025 15:44:14 UTC] ✗ Database connection failed after 5 attempts
[31-Dec-2025 15:44:14 UTC]   ✗ Initialization attempt 1 failed: Database connection failed after 5 attempts: SQLSTATE[HY000] [2002] No such file or directory
[31-Dec-2025 15:44:14 UTC]   Stack trace: #0 /home/runner/work/scrap/scrap/app.php(303): Database::connectWithRetry()
#1 /home/runner/work/scrap/scrap/app.php(2611): Database::connect()
#2 /home/runner/work/scrap/scrap/app.php(2505): Router::handleCLI()
#3 /home/runner/work/scrap/scrap/app.php(6727): Router::handleRequest()
#4 /home/runner/work/scrap/scrap/test_connection_pool.php(13): require_once('...')
#5 {main}
[31-Dec-2025 15:44:14 UTC]   Retrying in 2 seconds...
[31-Dec-2025 15:44:16 UTC]   Initialization attempt 2/3...
[31-Dec-2025 15:44:16 UTC] ⚠️ Database Connection error (attempt 1/{5}): SQLSTATE[HY000] [2002] No such file or directory - Retrying in 0.11s
[31-Dec-2025 15:44:16 UTC] ⚠️ Database Connection error (attempt 2/{5}): SQLSTATE[HY000] [2002] No such file or directory - Retrying in 0.26s
[31-Dec-2025 15:44:16 UTC] ⚠️ Database Connection error (attempt 3/{5}): SQLSTATE[HY000] [2002] No such file or directory - Retrying in 0.5s
[31-Dec-2025 15:44:17 UTC] ⚠️ Database Connection error (attempt 4/{5}): SQLSTATE[HY000] [2002] No such file or directory - Retrying in 0.96s
[31-Dec-2025 15:44:18 UTC] ✗ Database connection failed after 5 attempts
[31-Dec-2025 15:44:18 UTC]   ✗ Initialization attempt 2 failed: Database connection failed after 5 attempts: SQLSTATE[HY000] [2002] No such file or directory
[31-Dec-2025 15:44:18 UTC]   Stack trace: #0 /home/runner/work/scrap/scrap/app.php(303): Database::connectWithRetry()
#1 /home/runner/work/scrap/scrap/app.php(2611): Database::connect()
#2 /home/runner/work/scrap/scrap/app.php(2505): Router::handleCLI()
#3 /home/runner/work/scrap/scrap/app.php(6727): Router::handleRequest()
#4 /home/runner/work/scrap/scrap/test_connection_pool.php(13): require_once('...')
#5 {main}
[31-Dec-2025 15:44:18 UTC]   Retrying in 2 seconds...
[31-Dec-2025 15:44:20 UTC]   Initialization attempt 3/3...
[31-Dec-2025 15:44:20 UTC] ⚠️ Database Connection error (attempt 1/{5}): SQLSTATE[HY000] [2002] No such file or directory - Retrying in 0.1s
[31-Dec-2025 15:44:20 UTC] ⚠️ Database Connection error (attempt 2/{5}): SQLSTATE[HY000] [2002] No such file or directory - Retrying in 0.21s
[31-Dec-2025 15:44:20 UTC] ⚠️ Database Connection error (attempt 3/{5}): SQLSTATE[HY000] [2002] No such file or directory - Retrying in 0.46s
[31-Dec-2025 15:44:21 UTC] ⚠️ Database Connection error (attempt 4/{5}): SQLSTATE[HY000] [2002] No such file or directory - Retrying in 0.8s
[31-Dec-2025 15:44:21 UTC] ✗ Database connection failed after 5 attempts
[31-Dec-2025 15:44:21 UTC]   ✗ Initialization attempt 3 failed: Database connection failed after 5 attempts: SQLSTATE[HY000] [2002] No such file or directory
[31-Dec-2025 15:44:21 UTC]   Stack trace: #0 /home/runner/work/scrap/scrap/app.php(303): Database::connectWithRetry()
#1 /home/runner/work/scrap/scrap/app.php(2611): Database::connect()
#2 /home/runner/work/scrap/scrap/app.php(2505): Router::handleCLI()
#3 /home/runner/work/scrap/scrap/app.php(6727): Router::handleRequest()
#4 /home/runner/work/scrap/scrap/test_connection_pool.php(13): require_once('...')
#5 {main}
[31-Dec-2025 15:44:21 UTC]   ✗✗✗ FATAL: Worker initialization failed after 3 attempts
[31-Dec-2025 15:44:21 UTC]   Worker worker-695544cc98139 cannot start. Exiting.
[31-Dec-2025 15:45:54 UTC] === Worker Started: worker-695545323cb3a ===
[31-Dec-2025 15:45:54 UTC]   PHP Version: 8.3.6
[31-Dec-2025 15:45:54 UTC]   Script: /home/runner/work/scrap/scrap/app.php
[31-Dec-2025 15:45:54 UTC]   Initialization attempt 1/3...
[31-Dec-2025 15:45:54 UTC] ✓ Connection slot acquired (2/150 active, peak: 2)
[31-Dec-2025 15:45:54 UTC] ⚠️ Database Connection error (attempt 1/{5}): SQLSTATE[HY000] [2002] No such file or directory - Retrying in 0.12s
[31-Dec-2025 15:45:54 UTC] ⚠️ Database Connection error (attempt 2/{5}): SQLSTATE[HY000] [2002] No such file or directory - Retrying in 0.23s
[31-Dec-2025 15:45:54 UTC] ⚠️ Database Connection error (attempt 3/{5}): SQLSTATE[HY000] [2002] No such file or directory - Retrying in 0.41s
[31-Dec-2025 15:45:55 UTC] ⚠️ Database Connection error (attempt 4/{5}): SQLSTATE[HY000] [2002] No such file or directory - Retrying in 0.81s
[31-Dec-2025 15:45:55 UTC] ✗ Database connection failed after 5 attempts
[31-Dec-2025 15:45:55 UTC]   ✗ Initialization attempt 1 failed: Database connection failed after 5 attempts: SQLSTATE[HY000] [2002] No such file or directory
[31-Dec-2025 15:45:55 UTC]   Stack trace: #0 /home/runner/work/scrap/scrap/app.php(313): Database::connectWithRetry()
#1 /home/runner/work/scrap/scrap/app.php(2621): Database::connect()
#2 /home/runner/work/scrap/scrap/app.php(2515): Router::handleCLI()
#3 /home/runner/work/scrap/scrap/app.php(6737): Router::handleRequest()
#4 /home/runner/work/scrap/scrap/test_connection_pool.php(13): require_once('...')
#5 {main}
[31-Dec-2025 15:45:55 UTC]   Retrying in 2 seconds...
[31-Dec-2025 15:45:57 UTC]   Initialization attempt 2/3...
[31-Dec-2025 15:45:57 UTC] ⚠️ Database Connection error (attempt 1/{5}): SQLSTATE[HY000] [2002] No such file or directory - Retrying in 0.13s
[31-Dec-2025 15:45:57 UTC] ⚠️ Database Connection error (attempt 2/{5}): SQLSTATE[HY000] [2002] No such file or directory - Retrying in 0.2s
[31-Dec-2025 15:45:58 UTC] ⚠️ Database Connection error (attempt 3/{5}): SQLSTATE[HY000] [2002] No such file or directory - Retrying in 0.47s
[31-Dec-2025 15:45:58 UTC] ⚠️ Database Connection error (attempt 4/{5}): SQLSTATE[HY000] [2002] No such file or directory - Retrying in 0.99s
[31-Dec-2025 15:45:59 UTC] ✗ Database connection failed after 5 attempts
[31-Dec-2025 15:45:59 UTC]   ✗ Initialization attempt 2 failed: Database connection failed after 5 attempts: SQLSTATE[HY000] [2002] No such file or directory
[31-Dec-2025 15:45:59 UTC]   Stack trace: #0 /home/runner/work/scrap/scrap/app.php(313): Database::connectWithRetry()
#1 /home/runner/work/scrap/scrap/app.php(2621): Database::connect()
#2 /home/runner/work/scrap/scrap/app.php(2515): Router::handleCLI()
#3 /home/runner/work/scrap/scrap/app.php(6737): Router::handleRequest()
#4 /home/runner/work/scrap/scrap/test_connection_pool.php(13): require_once('...')
#5 {main}
[31-Dec-2025 15:45:59 UTC]   Retrying in 2 seconds...
[31-Dec-2025 15:46:01 UTC]   Initialization attempt 3/3...
[31-Dec-2025 15:46:01 UTC] ⚠️ Database Connection error (attempt 1/{5}): SQLSTATE[HY000] [2002] No such file or directory - Retrying in 0.12s
[31-Dec-2025 15:46:01 UTC] ⚠️ Database Connection error (attempt 2/{5}): SQLSTATE[HY000] [2002] No such file or directory - Retrying in 0.26s
[31-Dec-2025 15:46:01 UTC] ⚠️ Database Connection error (attempt 3/{5}): SQLSTATE[HY000] [2002] No such file or directory - Retrying in 0.48s
[31-Dec-2025 15:46:02 UTC] ⚠️ Database Connection error (attempt 4/{5}): SQLSTATE[HY000] [2002] No such file or directory - Retrying in 0.82s
[31-Dec-2025 15:46:03 UTC] ✗ Database connection failed after 5 attempts
[31-Dec-2025 15:46:03 UTC]   ✗ Initialization attempt 3 failed: Database connection failed after 5 attempts: SQLSTATE[HY000] [2002] No such file or directory
[31-Dec-2025 15:46:03 UTC]   Stack trace: #0 /home/runner/work/scrap/scrap/app.php(313): Database::connectWithRetry()
#1 /home/runner/work/scrap/scrap/app.php(2621): Database::connect()
#2 /home/runner/work/scrap/scrap/app.php(2515): Router::handleCLI()
#3 /home/runner/work/scrap/scrap/app.php(6737): Router::handleRequest()
#4 /home/runner/work/scrap/scrap/test_connection_pool.php(13): require_once('...')
#5 {main}
[31-Dec-2025 15:46:03 UTC]   ✗✗✗ FATAL: Worker initialization failed after 3 attempts
[31-Dec-2025 15:46:03 UTC]   Worker worker-695545323cb3a cannot start. Exiting.
